TN:
SF:script/Deploy.s.sol
DA:13,45
FN:13,Deploy.run
FNDA:45,Deploy.run
DA:14,45
DA:16,45
DA:18,45
DA:19,45
DA:20,45
DA:22,45
DA:23,45
DA:24,45
DA:26,45
DA:27,45
DA:28,45
DA:30,45
DA:32,45
DA:42,45
DA:51,0
FN:51,Deploy._writeDeploymentSummaryToJson
FNDA:0,Deploy._writeDeploymentSummaryToJson
DA:53,0
BRDA:53,0,0,-
DA:54,0
DA:55,0
DA:59,0
DA:62,0
DA:65,0
DA:66,0
DA:67,0
DA:68,0
DA:69,0
DA:70,0
DA:71,0
DA:72,0
DA:75,0
DA:76,0
DA:85,0
FN:85,Deploy._writeAlchemyDeploymentSummaryToJson
FNDA:0,Deploy._writeAlchemyDeploymentSummaryToJson
DA:89,0
BRDA:89,1,0,-
DA:90,0
DA:91,0
DA:94,0
DA:97,0
DA:100,0
DA:101,0
DA:102,0
DA:103,0
DA:104,0
DA:105,0
DA:106,0
DA:107,0
DA:110,0
DA:111,0
DA:118,0
FN:118,Deploy._getChainName
FNDA:0,Deploy._getChainName
DA:119,0
BRDA:119,2,0,-
BRDA:119,2,1,-
DA:120,0
DA:121,0
BRDA:121,3,0,-
BRDA:121,3,1,-
DA:122,0
DA:123,0
BRDA:123,4,0,-
BRDA:123,4,1,-
DA:124,0
DA:125,0
BRDA:125,5,0,-
BRDA:125,5,1,-
DA:126,0
DA:127,0
BRDA:127,6,0,-
BRDA:127,6,1,-
DA:128,0
DA:129,0
BRDA:129,7,0,-
BRDA:129,7,1,-
DA:130,0
DA:132,0
FNF:4
FNH:1
LF:61
LH:15
BRF:14
BRH:0
end_of_record
TN:
SF:src/CryptoCanvasNFT.sol
DA:18,45
FN:18,CryptoCanvasNFT.constructor
FNDA:45,CryptoCanvasNFT.constructor
DA:19,45
DA:28,2444
FN:28,CryptoCanvasNFT.mintNFT
FNDA:2444,CryptoCanvasNFT.mintNFT
DA:29,2444
DA:32,2444
DA:33,2444
DA:36,2444
DA:38,2444
DA:47,259
FN:47,CryptoCanvasNFT.getTotalMinted
FNDA:259,CryptoCanvasNFT.getTotalMinted
DA:48,259
FNF:3
FNH:3
LF:10
LH:10
BRF:0
BRH:0
end_of_record
TN:
SF:src/MarketPlace.sol
DA:61,46
FN:61,MarketPlace.constructor
FNDA:46,MarketPlace.constructor
DA:62,46
DA:63,46
DA:72,3
FN:72,MarketPlace.isValidListingId
FNDA:3,MarketPlace.isValidListingId
DA:74,3
BRDA:74,0,0,1
DA:75,1
DA:79,2
BRDA:79,1,0,1
DA:80,1
DA:93,1926
FN:93,MarketPlace.listNFT
FNDA:1926,MarketPlace.listNFT
DA:95,1926
DA:103,5
FN:103,MarketPlace.relistPurchasedNFT
FNDA:5,MarketPlace.relistPurchasedNFT
DA:109,3
DA:112,3
BRDA:112,2,0,1
DA:113,1
DA:117,2
DA:124,1921
FN:124,MarketPlace.buyNFT
FNDA:1921,MarketPlace.buyNFT
DA:126,1917
DA:129,1917
BRDA:129,3,0,1
DA:130,1
DA:133,1916
BRDA:133,4,0,1
DA:134,1
DA:138,1915
DA:140,1915
DA:143,1915
DA:145,1915
BRDA:145,5,0,1
DA:146,1
DA:150,1914
DA:152,1914
BRDA:152,6,0,1
DA:153,1
DA:157,1913
DA:159,1913
DA:162,1913
DA:165,1913
DA:172,9
FN:172,MarketPlace.cancelListing
FNDA:9,MarketPlace.cancelListing
DA:174,5
DA:177,5
BRDA:177,7,0,1
DA:178,1
DA:181,4
BRDA:181,8,0,1
DA:182,1
DA:186,3
DA:189,3
DA:192,3
DA:203,1928
FN:203,MarketPlace._listNFT
FNDA:1928,MarketPlace._listNFT
DA:211,1928
BRDA:211,9,0,1
DA:212,1
DA:216,1927
DA:219,2
BRDA:219,10,0,2
BRDA:219,10,1,1925
DA:220,2
DA:232,2
DA:234,1925
DA:246,1925
DA:249,1925
DA:259,3
FN:259,MarketPlace.getAllListingsWithTokenURI
FNDA:3,MarketPlace.getAllListingsWithTokenURI
DA:261,3
DA:262,3
DA:263,2
BRDA:263,11,0,2
DA:264,2
DA:268,3
DA:269,3
DA:271,3
DA:272,6
DA:273,2
BRDA:273,12,0,2
DA:274,2
DA:276,2
DA:287,2
DA:290,3
DA:298,3
FN:298,MarketPlace.getSellerActiveListingsWithTokenURI
FNDA:3,MarketPlace.getSellerActiveListingsWithTokenURI
DA:303,3
DA:305,3
DA:306,6
BRDA:306,13,0,2
DA:307,2
DA:312,3
DA:313,3
DA:315,3
DA:316,6
BRDA:316,14,0,2
DA:317,2
DA:318,2
DA:320,2
DA:331,2
DA:334,3
DA:342,1
FN:342,MarketPlace.getSellerInActiveListingsWithTokenURI
FNDA:1,MarketPlace.getSellerInActiveListingsWithTokenURI
DA:347,1
DA:349,1
DA:350,2
BRDA:350,15,0,1
DA:351,1
DA:356,1
DA:357,1
DA:359,1
DA:360,2
BRDA:360,16,0,1
DA:361,1
DA:362,1
DA:364,1
DA:375,1
DA:378,1
DA:386,3
FN:386,MarketPlace.getSingleListingWithTokenURI
FNDA:3,MarketPlace.getSingleListingWithTokenURI
DA:392,1
DA:393,1
DA:395,1
DA:413,1
FN:413,MarketPlace.getUserPurchasesWithTokenURI
FNDA:1,MarketPlace.getUserPurchasesWithTokenURI
DA:414,1
DA:416,1
DA:417,2
BRDA:417,17,0,1
DA:418,1
DA:422,1
DA:423,1
DA:425,1
DA:426,2
BRDA:426,18,0,1
DA:427,1
DA:428,1
DA:430,1
DA:441,1
DA:444,1
DA:451,2
FN:451,MarketPlace.getNextListingId
FNDA:2,MarketPlace.getNextListingId
DA:452,2
DA:459,774
FN:459,MarketPlace.getFeePercent
FNDA:774,MarketPlace.getFeePercent
DA:460,774
DA:467,2
FN:467,MarketPlace.setFeePercent
FNDA:2,MarketPlace.setFeePercent
DA:468,1
FNF:15
FNH:15
LF:118
LH:118
BRF:20
BRH:20
end_of_record
TN:
SF:src/Treasury.sol
DA:19,1548
FN:19,Treasury.withdraw
FNDA:1548,Treasury.withdraw
DA:21,1033
BRDA:21,0,0,260
DA:22,260
DA:25,773
DA:27,773
BRDA:27,1,0,259
DA:28,259
FNF:1
FNH:1
LF:6
LH:6
BRF:2
BRH:2
end_of_record
TN:
SF:test/unit/MarketPlaceTest.t.sol
DA:711,2
FN:711,FakeAccount.receive
FNDA:2,FakeAccount.receive
DA:712,2
DA:715,0
FN:715,FakeAccount.fallback
FNDA:0,FakeAccount.fallback
DA:716,0
FNF:2
FNH:1
LF:4
LH:2
BRF:0
BRH:0
end_of_record
